<?xml version="1.0" encoding="utf-8"?><testsuites name="pytest tests"><testsuite name="pytest" errors="0" failures="3" skipped="0" tests="7" time="2.391" timestamp="2026-06-15T20:25:06.879262+00:00" hostname="agent-env-3fe915b0-3a17-4648-8691-8ba5ac628120"><testcase classname="backend.tests.test_iteration2_changes.TestProjectStatusEnum" name="test_post_rejects_status_DESIGN" time="0.298"><failure message="AssertionError: POST /api/projects with status=DESIGN must be 400; got 201 {&quot;project&quot;:{&quot;id&quot;:&quot;cmqfnwuj800t3q49oq8dht3ov&quot;,&quot;name&quot;:&quot;TEST_DESIGN_status_1781555107&quot;,&quot;code&quot;:&quot;TDS1781555107&quot;,&quot;clientName&quot;:&quot;x&quot;,&quot;location&quot;:&quot;x&quot;,&quot;startDate&quot;:null,&quot;expectedCompletion&quot;:null,&quot;status&quot;:&quot;DESIGN&quot;,&quot;createdAt&quot;:&quot;2026-06-15T20:25:07.220Z&quot;,&quot;_count&quot;:{&quot;floors&quot;:0,&quot;tasks&quot;:0}}}&#10;assert 201 == 400&#10; +  where 201 = &lt;Response [201]&gt;.status_code">backend/tests/test_iteration2_changes.py:65: in test_post_rejects_status_DESIGN
    assert r.status_code == 400, (
E   AssertionError: POST /api/projects with status=DESIGN must be 400; got 201 {"project":{"id":"cmqfnwuj800t3q49oq8dht3ov","name":"TEST_DESIGN_status_1781555107","code":"TDS1781555107","clientName":"x","location":"x","startDate":null,"expectedCompletion":null,"status":"DESIGN","createdAt":"2026-06-15T20:25:07.220Z","_count":{"floors":0,"tasks":0}}}
E   assert 201 == 400
E    +  where 201 = &lt;Response [201]&gt;.status_code</failure></testcase><testcase classname="backend.tests.test_iteration2_changes.TestProjectStatusEnum" name="test_post_accepts_5_valid_statuses" time="0.299" /><testcase classname="backend.tests.test_iteration2_changes.TestProjectStatusEnum" name="test_patch_rejects_status_DESIGN" time="0.054"><failure message="AssertionError: PATCH project status=DESIGN must be 400; got 200 {&quot;project&quot;:{&quot;id&quot;:&quot;cmqfnwuli00v6q49oheoshwk2&quot;,&quot;name&quot;:&quot;TEST_st_PLANNING_1781555107268&quot;,&quot;code&quot;:&quot;TPLA1781555107268&quot;,&quot;clientName&quot;:&quot;x&quot;,&quot;location&quot;:&quot;x&quot;,&quot;startDate&quot;:null,&quot;expectedCompletion&quot;:null,&quot;status&quot;:&quot;DESIGN&quot;,&quot;createdAt&quot;:&quot;2026-06-15T20:25:07.302Z&quot;}}&#10;assert 200 == 400&#10; +  where 200 = &lt;Response [200]&gt;.status_code">backend/tests/test_iteration2_changes.py:89: in test_patch_rejects_status_DESIGN
    assert r.status_code == 400, (
E   AssertionError: PATCH project status=DESIGN must be 400; got 200 {"project":{"id":"cmqfnwuli00v6q49oheoshwk2","name":"TEST_st_PLANNING_1781555107268","code":"TPLA1781555107268","clientName":"x","location":"x","startDate":null,"expectedCompletion":null,"status":"DESIGN","createdAt":"2026-06-15T20:25:07.302Z"}}
E   assert 200 == 400
E    +  where 200 = &lt;Response [200]&gt;.status_code</failure></testcase><testcase classname="backend.tests.test_iteration2_changes.TestFloorEnum" name="test_floor_enum_no_upper_ground" time="0.108" /><testcase classname="backend.tests.test_iteration2_changes.TestFloorEnum" name="test_default_builder_creates_stilt_via_api" time="0.398" /><testcase classname="backend.tests.test_iteration2_changes.TestRejectedHiddenFromDesigner" name="test_full_reject_then_designer_blocked" time="1.070"><failure message="AssertionError: DESIGNER must be blocked (403) from rejected file; got 200 %PDF-1.4 v1&#10;assert 200 == 403&#10; +  where 200 = &lt;Response [200]&gt;.status_code">backend/tests/test_iteration2_changes.py:221: in test_full_reject_then_designer_blocked
    assert r.status_code == 403, (
E   AssertionError: DESIGNER must be blocked (403) from rejected file; got 200 %PDF-1.4 v1
E   assert 200 == 403
E    +  where 200 = &lt;Response [200]&gt;.status_code</failure></testcase><testcase classname="backend.tests.test_iteration2_changes.TestNewProjectAPI" name="test_admin_can_create_minimal_project" time="0.061" /></testsuite></testsuites>