<?xml version="1.0" encoding="utf-8"?><testsuites name="pytest tests"><testsuite name="pytest" errors="0" failures="0" skipped="1" tests="12" time="1.771" timestamp="2026-07-08T08:17:29.882705+00:00" hostname="agent-env-3fe915b0-3a17-4648-8691-8ba5ac628120"><testcase classname="backend.tests.test_iteration11_changes.TestItem5ProjectVisibility" name="test_admin_sees_all_projects" time="0.292" /><testcase classname="backend.tests.test_iteration11_changes.TestItem5ProjectVisibility" name="test_designer_sees_only_member_projects" time="0.263" /><testcase classname="backend.tests.test_iteration11_changes.TestItem5ProjectVisibility" name="test_onsite_sees_only_routed_projects" time="0.228" /><testcase classname="backend.tests.test_iteration11_changes.TestItem7StructureRename" name="test_tasks_no_structure_label" time="0.050" /><testcase classname="backend.tests.test_iteration11_changes.TestItem13ReopenTask" name="test_reopen_requires_auth" time="0.101" /><testcase classname="backend.tests.test_iteration11_changes.TestItem13ReopenTask" name="test_reopen_designer_forbidden" time="0.151" /><testcase classname="backend.tests.test_iteration11_changes.TestItem13ReopenTask" name="test_reopen_only_valid_on_approved_or_rejected" time="0.104"><skipped type="pytest.skip" message="no pending task">/app/backend/tests/test_iteration11_changes.py:125: no pending task</skipped></testcase><testcase classname="backend.tests.test_iteration11_changes.TestItem6BulkDeadlines" name="test_tasks_create_accepts_deadlines_map" time="0.046" /><testcase classname="backend.tests.test_iteration11_changes.TestItem3UploadsEndpoint" name="test_uploads_endpoint_admin" time="0.150" /><testcase classname="backend.tests.test_iteration11_changes.TestItem3UploadsEndpoint" name="test_uploads_endpoint_designer" time="0.103" /><testcase classname="backend.tests.test_iteration11_changes.TestItem3UploadsEndpoint" name="test_uploads_endpoint_onsite_forbidden_or_ok" time="0.101" /><testcase classname="backend.tests.test_iteration11_changes.TestItem9DesignerAnalytics" name="test_designer_dashboard_accepts_project_id" time="0.103" /></testsuite></testsuites>