<?xml version="1.0" encoding="utf-8"?><testsuites name="pytest tests"><testsuite name="pytest" errors="0" failures="0" skipped="0" tests="7" time="1.493" timestamp="2026-07-08T11:01:08.291505+00:00" hostname="agent-env-3fe915b0-3a17-4648-8691-8ba5ac628120"><testcase classname="backend.tests.test_iteration12_changes" name="test_designer_dashboard_returns_full_charts" time="0.387" /><testcase classname="backend.tests.test_iteration12_changes" name="test_reopen_unauthenticated_401" time="0.106" /><testcase classname="backend.tests.test_iteration12_changes" name="test_reopen_designer_forbidden" time="0.066" /><testcase classname="backend.tests.test_iteration12_changes" name="test_reopen_onsite_owner_success_and_restore" time="0.535" /><testcase classname="backend.tests.test_iteration12_changes" name="test_designer_projects_only_member" time="0.059" /><testcase classname="backend.tests.test_iteration12_changes" name="test_no_structure_label_in_tasks" time="0.225" /><testcase classname="backend.tests.test_iteration12_changes" name="test_admin_categories_have_discipline" time="0.052" /></testsuite></testsuites>