<?xml version="1.0" encoding="utf-8"?><testsuites name="pytest tests"><testsuite name="pytest" errors="0" failures="0" skipped="0" tests="21" time="5.709" timestamp="2026-07-01T11:36:48.916488+00:00" hostname="agent-env-3fe915b0-3a17-4648-8691-8ba5ac628120"><testcase classname="backend.tests.test_auth_regression.TestBackendHealth" name="test_api_auth_me_unauth_returns_json" time="0.178" /><testcase classname="backend.tests.test_auth_regression.TestLoginAllRoles" name="test_login_returns_json[ADMIN-creds0]" time="0.180" /><testcase classname="backend.tests.test_auth_regression.TestLoginAllRoles" name="test_login_returns_json[DESIGNER-creds1]" time="0.226" /><testcase classname="backend.tests.test_auth_regression.TestLoginAllRoles" name="test_login_returns_json[ONSITE-creds2]" time="0.197" /><testcase classname="backend.tests.test_auth_regression.TestLoginAllRoles" name="test_session_cookie_set_and_me_works[ADMIN-creds0]" time="0.224" /><testcase classname="backend.tests.test_auth_regression.TestLoginAllRoles" name="test_session_cookie_set_and_me_works[DESIGNER-creds1]" time="0.240" /><testcase classname="backend.tests.test_auth_regression.TestLoginAllRoles" name="test_session_cookie_set_and_me_works[ONSITE-creds2]" time="0.264" /><testcase classname="backend.tests.test_auth_regression.TestLoginAllRoles" name="test_bearer_token_also_works[ADMIN-creds0]" time="0.291" /><testcase classname="backend.tests.test_auth_regression.TestLoginAllRoles" name="test_bearer_token_also_works[DESIGNER-creds1]" time="0.282" /><testcase classname="backend.tests.test_auth_regression.TestLoginAllRoles" name="test_bearer_token_also_works[ONSITE-creds2]" time="0.279" /><testcase classname="backend.tests.test_auth_regression.TestLogoutReLogin" name="test_logout_then_relogin" time="0.470" /><testcase classname="backend.tests.test_auth_regression.TestRegressionLandingEndpoints" name="test_landing_endpoints_return_json[ADMIN-creds0]" time="0.320" /><testcase classname="backend.tests.test_auth_regression.TestRegressionLandingEndpoints" name="test_landing_endpoints_return_json[DESIGNER-creds1]" time="0.315" /><testcase classname="backend.tests.test_auth_regression.TestRegressionLandingEndpoints" name="test_landing_endpoints_return_json[ONSITE-creds2]" time="0.332" /><testcase classname="backend.tests.test_auth_regression.TestRegressionLandingEndpoints" name="test_tasks_endpoint_returns_json[ADMIN-creds0]" time="0.281" /><testcase classname="backend.tests.test_auth_regression.TestRegressionLandingEndpoints" name="test_tasks_endpoint_returns_json[DESIGNER-creds1]" time="0.283" /><testcase classname="backend.tests.test_auth_regression.TestRegressionLandingEndpoints" name="test_tasks_endpoint_returns_json[ONSITE-creds2]" time="0.281" /><testcase classname="backend.tests.test_transcribe_rawbody.TestTranscribeRawBody" name="test_transcribe_empty_body_returns_json_400" time="0.229" /><testcase classname="backend.tests.test_transcribe_rawbody.TestTranscribeRawBody" name="test_transcribe_small_blob_returns_json" time="0.222" /><testcase classname="backend.tests.test_transcribe_rawbody.TestTranscribeRawBody" name="test_transcribe_requires_auth" time="0.143" /><testcase classname="backend.tests.test_transcribe_rawbody.TestBackendNever502Html" name="test_all_probed_endpoints_return_json" time="0.397" /></testsuite></testsuites>