<?xml version="1.0" encoding="utf-8"?><testsuites name="pytest tests"><testsuite name="pytest" errors="0" failures="0" skipped="0" tests="6" time="1.118" timestamp="2026-06-23T06:47:19.179805+00:00" hostname="agent-env-3fe915b0-3a17-4648-8691-8ba5ac628120"><testcase classname="test_floor_ids.TestFloorIdsBackfill" name="test_70_drawings_present" time="0.438" /><testcase classname="test_floor_ids.TestFloorIdsBackfill" name="test_every_drawing_has_floor_ids" time="0.000" /><testcase classname="test_floor_ids.TestFloorIdsBackfill" name="test_floor_ids_are_valid" time="0.000" /><testcase classname="test_floor_ids.TestPatchFloorIds" name="test_remove_one_floor_keeps_others" time="0.157" /><testcase classname="test_floor_ids.TestPostWithFloorIds" name="test_create_on_single_floor" time="0.153" /><testcase classname="test_floor_ids.TestFloorAutoPopulate" name="test_new_floor_gets_default_drawings" time="0.217" /></testsuite></testsuites>