<?xml version="1.0" encoding="utf-8"?><testsuites name="pytest tests"><testsuite name="pytest" errors="0" failures="0" skipped="0" tests="17" time="4.948" timestamp="2026-07-01T10:38:54.357705+00:00" hostname="agent-env-3fe915b0-3a17-4648-8691-8ba5ac628120"><testcase classname="backend.tests.test_auth_regression.TestBackendHealth" name="test_api_auth_me_unauth_returns_json" time="0.099" /><testcase classname="backend.tests.test_auth_regression.TestLoginAllRoles" name="test_login_returns_json[ADMIN-creds0]" time="0.508" /><testcase classname="backend.tests.test_auth_regression.TestLoginAllRoles" name="test_login_returns_json[DESIGNER-creds1]" time="0.217" /><testcase classname="backend.tests.test_auth_regression.TestLoginAllRoles" name="test_login_returns_json[ONSITE-creds2]" time="0.186" /><testcase classname="backend.tests.test_auth_regression.TestLoginAllRoles" name="test_session_cookie_set_and_me_works[ADMIN-creds0]" time="0.226" /><testcase classname="backend.tests.test_auth_regression.TestLoginAllRoles" name="test_session_cookie_set_and_me_works[DESIGNER-creds1]" time="0.234" /><testcase classname="backend.tests.test_auth_regression.TestLoginAllRoles" name="test_session_cookie_set_and_me_works[ONSITE-creds2]" time="0.262" /><testcase classname="backend.tests.test_auth_regression.TestLoginAllRoles" name="test_bearer_token_also_works[ADMIN-creds0]" time="0.294" /><testcase classname="backend.tests.test_auth_regression.TestLoginAllRoles" name="test_bearer_token_also_works[DESIGNER-creds1]" time="0.278" /><testcase classname="backend.tests.test_auth_regression.TestLoginAllRoles" name="test_bearer_token_also_works[ONSITE-creds2]" time="0.283" /><testcase classname="backend.tests.test_auth_regression.TestLogoutReLogin" name="test_logout_then_relogin" time="0.465" /><testcase classname="backend.tests.test_auth_regression.TestRegressionLandingEndpoints" name="test_landing_endpoints_return_json[ADMIN-creds0]" time="0.326" /><testcase classname="backend.tests.test_auth_regression.TestRegressionLandingEndpoints" name="test_landing_endpoints_return_json[DESIGNER-creds1]" time="0.347" /><testcase classname="backend.tests.test_auth_regression.TestRegressionLandingEndpoints" name="test_landing_endpoints_return_json[ONSITE-creds2]" time="0.316" /><testcase classname="backend.tests.test_auth_regression.TestRegressionLandingEndpoints" name="test_tasks_endpoint_returns_json[ADMIN-creds0]" time="0.280" /><testcase classname="backend.tests.test_auth_regression.TestRegressionLandingEndpoints" name="test_tasks_endpoint_returns_json[DESIGNER-creds1]" time="0.277" /><testcase classname="backend.tests.test_auth_regression.TestRegressionLandingEndpoints" name="test_tasks_endpoint_returns_json[ONSITE-creds2]" time="0.278" /></testsuite></testsuites>