<?xml version="1.0" encoding="utf-8"?><testsuites name="pytest tests"><testsuite name="pytest" errors="0" failures="7" skipped="0" tests="44" time="4.993" timestamp="2026-06-15T19:29:58.164371+00:00" hostname="agent-env-040933de-3d41-4bf0-91c9-acbca78ac0e8"><testcase classname="backend.tests.test_blueprint_flow.TestAuth" name="test_me_anonymous" time="0.168" /><testcase classname="backend.tests.test_blueprint_flow.TestAuth" name="test_login_bad" time="0.183" /><testcase classname="backend.tests.test_blueprint_flow.TestAuth" name="test_admin_login_me" time="0.232" /><testcase classname="backend.tests.test_blueprint_flow.TestAuth" name="test_designer_login" time="0.225" /><testcase classname="backend.tests.test_blueprint_flow.TestAuth" name="test_onsite_login" time="0.226"><failure message="AssertionError: assert None&#10; +  where None = &lt;built-in method get of dict object at 0xfdb94b53ff80&gt;('specializationId')&#10; +    where &lt;built-in method get of dict object at 0xfdb94b53ff80&gt; = {'email': 'sudama@blueprintflow.in', 'id': 'cmqf88tck0010q40b56h26lfx', 'name': 'Sudama', 'role': 'ONSITE', ...}.get">E   AssertionError: assert None
     +  where None = &lt;built-in method get of dict object at 0xfdb94b53ff80&gt;('specializationId')
     +    where &lt;built-in method get of dict object at 0xfdb94b53ff80&gt; = {'email': 'sudama@blueprintflow.in', 'id': 'cmqf88tck0010q40b56h26lfx', 'name': 'Sudama', 'role': 'ONSITE', ...}.get</failure></testcase><testcase classname="backend.tests.test_blueprint_flow.TestProfile" name="test_profile_get" time="0.066" /><testcase classname="backend.tests.test_blueprint_flow.TestProfile" name="test_profile_update_phone" time="0.058" /><testcase classname="backend.tests.test_blueprint_flow.TestProfile" name="test_password_change_wrong_current" time="0.128"><failure message="AssertionError: /api/profile -&gt; 405 &#10;assert 405 in (400, 401, 403)&#10; +  where 405 = &lt;Response [405]&gt;.status_code">E   AssertionError: /api/profile -&gt; 405 
    assert 405 in (400, 401, 403)
     +  where 405 = &lt;Response [405]&gt;.status_code</failure></testcase><testcase classname="backend.tests.test_blueprint_flow.TestSpecializations" name="test_list" time="0.066" /><testcase classname="backend.tests.test_blueprint_flow.TestSpecializations" name="test_create_rename_delete" time="0.197"><failure message="AssertionError: delete: 404 &lt;!DOCTYPE html&gt;&lt;html lang=&quot;en&quot; class=&quot;__variable_f367f3 __variable_3c557b __variable_fdb222&quot;&gt;&lt;head&gt;&lt;meta charSet=&quot;utf-8&quot;/&gt;&lt;meta name=&quot;viewport&quot; content=&quot;width=device-width, initial-scale=1&quot;/&gt;&lt;link rel=&quot;stylesheet&quot; href=&quot;/_next/static/css/c1e1802b1bd74b89.css&quot; data-precedence=&quot;next&quot;/&gt;&lt;link rel=&quot;preload&quot; as=&quot;script&quot; fetchPriority=&quot;low&quot; href=&quot;/_next/static/chunks/webpack-c405f1f0ffb51918.js&quot;/&gt;&lt;script src=&quot;/_next/static/chunks/4bd1b696-7df54da0f3caf77c.js&quot; async=&quot;&quot;&gt;&lt;/script&gt;&lt;script src=&quot;/_next/static/chunks/1517-470c3bdee73c28be.js&quot; async=&quot;&quot;&gt;&lt;/script&gt;&lt;script src=&quot;/_next/static/chunks/main-app-efbdcbd28c3c2029.js&quot; async=&quot;&quot;&gt;&lt;/script&gt;&lt;script src=&quot;/_next/static/chunks/8011-0ffce74e176f6e03.js&quot; async=&quot;&quot;&gt;&lt;/script&gt;&lt;script src=&quot;/_next/static/chunks/app/template-e01f2a10e9d957e6.js&quot; async=&quot;&quot;&gt;&lt;/script&gt;&lt;meta name=&quot;robots&quot; content=&quot;noindex&quot;/&gt;&lt;meta name=&quot;next-size-adjust&quot; content=&quot;&quot;/&gt;&lt;title&gt;404: This page could not be found.&lt;/title&gt;&lt;title&gt;Blueprint Flow&lt;/title&gt;&lt;meta name=&quot;description&quot; content=&quot;Design Collaboration &amp;amp; Site Execution Management Platform&quot;/&gt;&lt;script src=&quot;/_next/static/chunks/polyfills-42372ed130431b0a.js&quot; noModule=&quot;&quot;&gt;&lt;/script&gt;&lt;/head&gt;&lt;body&gt;&lt;div style=&quot;opacity:0;transform:translateY(8px)&quot;&gt;&lt;div style=&quot;font-family:system-ui,&amp;quot;Segoe UI&amp;quot;,Roboto,Helvetica,Arial,sans-serif,&amp;quot;Apple Color Emoji&amp;quot;,&amp;quot;Segoe UI Emoji&amp;quot;;height:100vh;text-align:center;display:flex;flex-direction:column;align-items:center;justify-content:center&quot;&gt;&lt;div&gt;&lt;style&gt;body{color:#000;background:#fff;margin:0}.next-error-h1{border-right:1px solid rgba(0,0,0,.3)}@media (prefers-color-scheme:dark){body{color:#fff;background:#000}.next-error-h1{border-right:1px solid rgba(255,255,255,.3)}}&lt;/style&gt;&lt;h1 class=&quot;next-error-h1&quot; style=&quot;display:inline-block;margin:0 20px 0 0;padding:0 23px 0 0;font-size:24px;font-weight:500;vertical-align:top;line-height:49px&quot;&gt;404&lt;/h1&gt;&lt;div style=&quot;display:inline-block&quot;&gt;&lt;h2 style=&quot;font-size:14px;font-weight:400;line-height:49px;margin:0&quot;&gt;This page could not be found.&lt;/h2&gt;&lt;/div&gt;&lt;/div&gt;&lt;/div&gt;&lt;/div&gt;&lt;script src=&quot;/_next/static/chunks/webpack-c405f1f0ffb51918.js&quot; async=&quot;&quot;&gt;&lt;/script&gt;&lt;script&gt;(self.__next_f=self.__next_f||[]).push([0])&lt;/script&gt;&lt;script&gt;self.__next_f.push([1,&quot;1:\&quot;$Sreact.fragment\&quot;\n2:I[5244,[],\&quot;\&quot;]\n3:I[7699,[\&quot;8011\&quot;,\&quot;static/chunks/8011-0ffce74e176f6e03.js\&quot;,\&quot;6397\&quot;,\&quot;static/chunks/app/template-e01f2a10e9d957e6.js\&quot;],\&quot;default\&quot;]\n4:I[3866,[],\&quot;\&quot;]\n5:I[6213,[],\&quot;OutletBoundary\&quot;]\n7:I[6213,[],\&quot;MetadataBoundary\&quot;]\n9:I[6213,[],\&quot;ViewportBoundary\&quot;]\nb:I[4835,[],\&quot;\&quot;]\n:HL[\&quot;/_next/static/media/6e8c7cb283336a9d-s.p.woff2\&quot;,\&quot;font\&quot;,{\&quot;crossOrigin\&quot;:\&quot;\&quot;,\&quot;type\&quot;:\&quot;font/woff2\&quot;}]\n:HL[\&quot;/_next/static/media/bb3ef058b751a6ad-s.p.woff2\&quot;,\&quot;font\&quot;,{\&quot;crossOrigin\&quot;:\&quot;\&quot;,\&quot;type\&quot;:\&quot;font/woff2\&quot;}]\n:HL[\&quot;/_next/static/media/e4af272ccee01ff0-s.p.woff2\&quot;,\&quot;font\&quot;,{\&quot;crossOrigin\&quot;:\&quot;\&quot;,\&quot;type\&quot;:\&quot;font/woff2\&quot;}]\n:HL[\&quot;/_next/static/css/c1e1802b1bd74b89.css\&quot;,\&quot;style\&quot;]\n&quot;])&lt;/script&gt;&lt;script&gt;self.__next_f.push([1,&quot;0:{\&quot;P\&quot;:null,\&quot;b\&quot;:\&quot;b4oFd5Zr5juiuC_RE7oRq\&quot;,\&quot;p\&quot;:\&quot;\&quot;,\&quot;c\&quot;:[\&quot;\&quot;,\&quot;api\&quot;,\&quot;specializations\&quot;,\&quot;cmqflxyee002uq42dyo8e4rqp\&quot;],\&quot;i\&quot;:false,\&quot;f\&quot;:[[[\&quot;\&quot;,{\&quot;children\&quot;:[\&quot;/_not-found\&quot;,{\&quot;children\&quot;:[\&quot;__PAGE__\&quot;,{}]}]},\&quot;$undefined\&quot;,\&quot;$undefined\&quot;,true],[\&quot;\&quot;,[\&quot;$\&quot;,\&quot;$1\&quot;,\&quot;c\&quot;,{\&quot;children\&quot;:[[[\&quot;$\&quot;,\&quot;link\&quot;,\&quot;0\&quot;,{\&quot;rel\&quot;:\&quot;stylesheet\&quot;,\&quot;href\&quot;:\&quot;/_next/static/css/c1e1802b1bd74b89.css\&quot;,\&quot;precedence\&quot;:\&quot;next\&quot;,\&quot;crossOrigin\&quot;:\&quot;$undefined\&quot;,\&quot;nonce\&quot;:\&quot;$undefined\&quot;}]],[\&quot;$\&quot;,\&quot;html\&quot;,null,{\&quot;lang\&quot;:\&quot;en\&quot;,\&quot;className\&quot;:\&quot;__variable_f367f3 __variable_3c557b __variable_fdb222\&quot;,\&quot;children\&quot;:[\&quot;$\&quot;,\&quot;body\&quot;,null,{\&quot;children\&quot;:[\&quot;$\&quot;,\&quot;$L2\&quot;,null,{\&quot;parallelRouterKey\&quot;:\&quot;children\&quot;,\&quot;segmentPath\&quot;:[\&quot;children\&quot;],\&quot;error\&quot;:\&quot;$undefined\&quot;,\&quot;errorStyles\&quot;:\&quot;$undefined\&quot;,\&quot;errorScripts\&quot;:\&quot;$undefined\&quot;,\&quot;template\&quot;:[\&quot;$\&quot;,\&quot;$L3\&quot;,null,{\&quot;children\&quot;:[\&quot;$\&quot;,\&quot;$L4\&quot;,null,{}]}],\&quot;templateStyles\&quot;:[],\&quot;templateScripts\&quot;:[],\&quot;notFound\&quot;:[[],[[\&quot;$\&quot;,\&quot;title\&quot;,null,{\&quot;children\&quot;:\&quot;404: This page could not be found.\&quot;}],[\&quot;$\&quot;,\&quot;div\&quot;,null,{\&quot;style\&quot;:{\&quot;fontFamily\&quot;:\&quot;system-ui,\\\&quot;Segoe UI\\\&quot;,Roboto,Helvetica,Arial,sans-serif,\\\&quot;Apple Color Emoji\\\&quot;,\\\&quot;Segoe UI Emoji\\\&quot;\&quot;,\&quot;height\&quot;:\&quot;100vh\&quot;,\&quot;textAlign\&quot;:\&quot;center\&quot;,\&quot;display\&quot;:\&quot;flex\&quot;,\&quot;flexDirection\&quot;:\&quot;column\&quot;,\&quot;alignItems\&quot;:\&quot;center\&quot;,\&quot;justifyContent\&quot;:\&quot;center\&quot;},\&quot;children\&quot;:[\&quot;$\&quot;,\&quot;div\&quot;,null,{\&quot;children\&quot;:[[\&quot;$\&quot;,\&quot;style\&quot;,null,{\&quot;dangerouslySetInnerHTML\&quot;:{\&quot;__html\&quot;:\&quot;body{color:#000;background:#fff;margin:0}.next-error-h1{border-right:1px solid rgba(0,0,0,.3)}@media (prefers-color-scheme:dark){body{color:#fff;background:#000}.next-error-h1{border-right:1px solid rgba(255,255,255,.3)}}\&quot;}}],[\&quot;$\&quot;,\&quot;h1\&quot;,null,{\&quot;className\&quot;:\&quot;next-error-h1\&quot;,\&quot;style\&quot;:{\&quot;display\&quot;:\&quot;inline-block\&quot;,\&quot;margin\&quot;:\&quot;0 20px 0 0\&quot;,\&quot;padding\&quot;:\&quot;0 23px 0 0\&quot;,\&quot;fontSize\&quot;:24,\&quot;fontWeight\&quot;:500,\&quot;verticalAlign\&quot;:\&quot;top\&quot;,\&quot;lineHeight\&quot;:\&quot;49px\&quot;},\&quot;children\&quot;:404}],[\&quot;$\&quot;,\&quot;div\&quot;,null,{\&quot;style\&quot;:{\&quot;display\&quot;:\&quot;inline-block\&quot;},\&quot;children\&quot;:[\&quot;$\&quot;,\&quot;h2\&quot;,null,{\&quot;style\&quot;:{\&quot;fontSize\&quot;:14,\&quot;fontWeight\&quot;:400,\&quot;lineHeight\&quot;:\&quot;49px\&quot;,\&quot;margin\&quot;:0},\&quot;children\&quot;:\&quot;This page could not be found.\&quot;}]}]]}]}]]],\&quot;forbidden\&quot;:\&quot;$undefined\&quot;,\&quot;unauthorized\&quot;:\&quot;$undefined\&quot;}]}]}]]}],{\&quot;children\&quot;:[\&quot;/_not-found\&quot;,[\&quot;$\&quot;,\&quot;$1\&quot;,\&quot;c\&quot;,{\&quot;children\&quot;:[null,[\&quot;$\&quot;,\&quot;$L2\&quot;,null,{\&quot;parallelRouterKey\&quot;:\&quot;children\&quot;,\&quot;segmentPath\&quot;:[\&quot;children\&quot;,\&quot;/_not-found\&quot;,\&quot;children\&quot;],\&quot;error\&quot;:\&quot;$undefined\&quot;,\&quot;errorStyles\&quot;:\&quot;$undefined\&quot;,\&quot;errorScripts\&quot;:\&quot;$undefined\&quot;,\&quot;template\&quot;:[\&quot;$\&quot;,\&quot;$L4\&quot;,null,{}],\&quot;templateStyles\&quot;:\&quot;$undefined\&quot;,\&quot;templateScripts\&quot;:\&quot;$undefined\&quot;,\&quot;notFound\&quot;:\&quot;$undefined\&quot;,\&quot;forbidden\&quot;:\&quot;$undefined\&quot;,\&quot;unauthorized\&quot;:\&quot;$undefined\&quot;}]]}],{\&quot;children\&quot;:[\&quot;__PAGE__\&quot;,[\&quot;$\&quot;,\&quot;$1\&quot;,\&quot;c\&quot;,{\&quot;children\&quot;:[[[\&quot;$\&quot;,\&quot;title\&quot;,null,{\&quot;children\&quot;:\&quot;404: This page could not be found.\&quot;}],[\&quot;$\&quot;,\&quot;div\&quot;,null,{\&quot;style\&quot;:\&quot;$0:f:0:1:1:props:children:1:props:children:props:children:props:notFound:1:1:props:style\&quot;,\&quot;children\&quot;:[\&quot;$\&quot;,\&quot;div\&quot;,null,{\&quot;children\&quot;:[[\&quot;$\&quot;,\&quot;style\&quot;,null,{\&quot;dangerouslySetInnerHTML\&quot;:{\&quot;__html\&quot;:\&quot;body{color:#000;background:#fff;margin:0}.next-error-h1{border-right:1px solid rgba(0,0,0,.3)}@media (prefers-color-scheme:dark){body{color:#fff;background:#000}.next-error-h1{border-right:1px solid rgba(255,255,255,.3)}}\&quot;}}],[\&quot;$\&quot;,\&quot;h1\&quot;,null,{\&quot;className\&quot;:\&quot;next-error-h1\&quot;,\&quot;style\&quot;:\&quot;$0:f:0:1:1:props:children:1:props:children:props:children:props:notFound:1:1:props:children:props:children:1:props:style\&quot;,\&quot;children\&quot;:404}],[\&quot;$\&quot;,\&quot;div\&quot;,null,{\&quot;style\&quot;:\&quot;$0:f:0:1:1:props:children:1:props:children:props:children:props:notFound:1:1:props:children:props:children:2:props:style\&quot;,\&quot;children\&quot;:[\&quot;$\&quot;,\&quot;h2\&quot;,null,{\&quot;style\&quot;:\&quot;$0:f:0:1:1:props:children:1:props:children:props:children:props:notFound:1:1:props:children:props:children:2:props:children:props:style\&quot;,\&quot;children\&quot;:\&quot;This page could not be found.\&quot;}]}]]}]}]],null,[\&quot;$\&quot;,\&quot;$L5\&quot;,null,{\&quot;children\&quot;:\&quot;$L6\&quot;}]]}],{},null,false]},null,false]},null,false],[\&quot;$\&quot;,\&quot;$1\&quot;,\&quot;h\&quot;,{\&quot;children\&quot;:[[\&quot;$\&quot;,\&quot;meta\&quot;,null,{\&quot;name\&quot;:\&quot;robots\&quot;,\&quot;content\&quot;:\&quot;noindex\&quot;}],[\&quot;$\&quot;,\&quot;$1\&quot;,\&quot;sON97J0xp7G9M8JORZ3xK\&quot;,{\&quot;children\&quot;:[[\&quot;$\&quot;,\&quot;$L7\&quot;,null,{\&quot;children\&quot;:\&quot;$L8\&quot;}],[\&quot;$\&quot;,\&quot;$L9\&quot;,null,{\&quot;children\&quot;:\&quot;$La\&quot;}],[\&quot;$\&quot;,\&quot;meta\&quot;,null,{\&quot;name\&quot;:\&quot;next-size-adjust\&quot;,\&quot;content\&quot;:\&quot;\&quot;}]]}]]}],false]],\&quot;m\&quot;:\&quot;$undefined\&quot;,\&quot;G\&quot;:[\&quot;$b\&quot;,\&quot;$undefined\&quot;],\&quot;s\&quot;:false,\&quot;S\&quot;:false}\n&quot;])&lt;/script&gt;&lt;script&gt;self.__next_f.push([1,&quot;a:[[\&quot;$\&quot;,\&quot;meta\&quot;,\&quot;0\&quot;,{\&quot;name\&quot;:\&quot;viewport\&quot;,\&quot;content\&quot;:\&quot;width=device-width, initial-scale=1\&quot;}]]\n8:[[\&quot;$\&quot;,\&quot;meta\&quot;,\&quot;0\&quot;,{\&quot;charSet\&quot;:\&quot;utf-8\&quot;}],[\&quot;$\&quot;,\&quot;title\&quot;,\&quot;1\&quot;,{\&quot;children\&quot;:\&quot;Blueprint Flow\&quot;}],[\&quot;$\&quot;,\&quot;meta\&quot;,\&quot;2\&quot;,{\&quot;name\&quot;:\&quot;description\&quot;,\&quot;content\&quot;:\&quot;Design Collaboration \u0026 Site Execution Management Platform\&quot;}]]\n6:null\n&quot;])&lt;/script&gt;&lt;script&gt;(function(){function c(){var b=a.contentDocument||a.contentWindow.document;if(b){var d=b.createElement('script');d.innerHTML=&quot;window.__CF$cv$params={r:'a0c3fc9c6eb08f4b',t:'MTc4MTU1MTc5OQ=='};var a=document.createElement('script');a.src='/cdn-cgi/challenge-platform/scripts/jsd/main.js';document.getElementsByTagName('head')[0].appendChild(a);&quot;;b.getElementsByTagName('head')[0].appendChild(d)}}if(document.body){var a=document.createElement('iframe');a.height=1;a.width=1;a.style.position='absolute';a.style.top=0;a.style.left=0;a.style.border='none';a.style.visibility='hidden';document.body.appendChild(a);if('loading'!==document.readyState)c();else if(window.addEventListener)document.addEventListener('DOMContentLoaded',c);else{var e=document.onreadystatechange||function(){};document.onreadystatechange=function(b){e(b);'loading'!==document.readyState&amp;&amp;(document.onreadystatechange=e,c())}}}})();&lt;/script&gt;&lt;/body&gt;&lt;/html&gt;&#10;assert 404 in (200, 204)&#10; +  where 404 = &lt;Response [404]&gt;.status_code">E   AssertionError: delete: 404 &lt;!DOCTYPE html&gt;&lt;html lang="en" class="__variable_f367f3 __variable_3c557b __variable_fdb222"&gt;&lt;head&gt;&lt;meta charSet="utf-8"/&gt;&lt;meta name="viewport" content="width=device-width, initial-scale=1"/&gt;&lt;link rel="stylesheet" href="/_next/static/css/c1e1802b1bd74b89.css" data-precedence="next"/&gt;&lt;link rel="preload" as="script" fetchPriority="low" href="/_next/static/chunks/webpack-c405f1f0ffb51918.js"/&gt;&lt;script src="/_next/static/chunks/4bd1b696-7df54da0f3caf77c.js" async=""&gt;&lt;/script&gt;&lt;script src="/_next/static/chunks/1517-470c3bdee73c28be.js" async=""&gt;&lt;/script&gt;&lt;script src="/_next/static/chunks/main-app-efbdcbd28c3c2029.js" async=""&gt;&lt;/script&gt;&lt;script src="/_next/static/chunks/8011-0ffce74e176f6e03.js" async=""&gt;&lt;/script&gt;&lt;script src="/_next/static/chunks/app/template-e01f2a10e9d957e6.js" async=""&gt;&lt;/script&gt;&lt;meta name="robots" content="noindex"/&gt;&lt;meta name="next-size-adjust" content=""/&gt;&lt;title&gt;404: This page could not be found.&lt;/title&gt;&lt;title&gt;Blueprint Flow&lt;/title&gt;&lt;meta name="description" content="Design Collaboration &amp;amp; Site Execution Management Platform"/&gt;&lt;script src="/_next/static/chunks/polyfills-42372ed130431b0a.js" noModule=""&gt;&lt;/script&gt;&lt;/head&gt;&lt;body&gt;&lt;div style="opacity:0;transform:translateY(8px)"&gt;&lt;div style="font-family:system-ui,&amp;quot;Segoe UI&amp;quot;,Roboto,Helvetica,Arial,sans-serif,&amp;quot;Apple Color Emoji&amp;quot;,&amp;quot;Segoe UI Emoji&amp;quot;;height:100vh;text-align:center;display:flex;flex-direction:column;align-items:center;justify-content:center"&gt;&lt;div&gt;&lt;style&gt;body{color:#000;background:#fff;margin:0}.next-error-h1{border-right:1px solid rgba(0,0,0,.3)}@media (prefers-color-scheme:dark){body{color:#fff;background:#000}.next-error-h1{border-right:1px solid rgba(255,255,255,.3)}}&lt;/style&gt;&lt;h1 class="next-error-h1" style="display:inline-block;margin:0 20px 0 0;padding:0 23px 0 0;font-size:24px;font-weight:500;vertical-align:top;line-height:49px"&gt;404&lt;/h1&gt;&lt;div style="display:inline-block"&gt;&lt;h2 style="font-size:14px;font-weight:400;line-height:49px;margin:0"&gt;This page could not be found.&lt;/h2&gt;&lt;/div&gt;&lt;/div&gt;&lt;/div&gt;&lt;/div&gt;&lt;script src="/_next/static/chunks/webpack-c405f1f0ffb51918.js" async=""&gt;&lt;/script&gt;&lt;script&gt;(self.__next_f=self.__next_f||[]).push([0])&lt;/script&gt;&lt;script&gt;self.__next_f.push([1,"1:\"$Sreact.fragment\"\n2:I[5244,[],\"\"]\n3:I[7699,[\"8011\",\"static/chunks/8011-0ffce74e176f6e03.js\",\"6397\",\"static/chunks/app/template-e01f2a10e9d957e6.js\"],\"default\"]\n4:I[3866,[],\"\"]\n5:I[6213,[],\"OutletBoundary\"]\n7:I[6213,[],\"MetadataBoundary\"]\n9:I[6213,[],\"ViewportBoundary\"]\nb:I[4835,[],\"\"]\n:HL[\"/_next/static/media/6e8c7cb283336a9d-s.p.woff2\",\"font\",{\"crossOrigin\":\"\",\"type\":\"font/woff2\"}]\n:HL[\"/_next/static/media/bb3ef058b751a6ad-s.p.woff2\",\"font\",{\"crossOrigin\":\"\",\"type\":\"font/woff2\"}]\n:HL[\"/_next/static/media/e4af272ccee01ff0-s.p.woff2\",\"font\",{\"crossOrigin\":\"\",\"type\":\"font/woff2\"}]\n:HL[\"/_next/static/css/c1e1802b1bd74b89.css\",\"style\"]\n"])&lt;/script&gt;&lt;script&gt;self.__next_f.push([1,"0:{\"P\":null,\"b\":\"b4oFd5Zr5juiuC_RE7oRq\",\"p\":\"\",\"c\":[\"\",\"api\",\"specializations\",\"cmqflxyee002uq42dyo8e4rqp\"],\"i\":false,\"f\":[[[\"\",{\"children\":[\"/_not-found\",{\"children\":[\"__PAGE__\",{}]}]},\"$undefined\",\"$undefined\",true],[\"\",[\"$\",\"$1\",\"c\",{\"children\":[[[\"$\",\"link\",\"0\",{\"rel\":\"stylesheet\",\"href\":\"/_next/static/css/c1e1802b1bd74b89.css\",\"precedence\":\"next\",\"crossOrigin\":\"$undefined\",\"nonce\":\"$undefined\"}]],[\"$\",\"html\",null,{\"lang\":\"en\",\"className\":\"__variable_f367f3 __variable_3c557b __variable_fdb222\",\"children\":[\"$\",\"body\",null,{\"children\":[\"$\",\"$L2\",null,{\"parallelRouterKey\":\"children\",\"segmentPath\":[\"children\"],\"error\":\"$undefined\",\"errorStyles\":\"$undefined\",\"errorScripts\":\"$undefined\",\"template\":[\"$\",\"$L3\",null,{\"children\":[\"$\",\"$L4\",null,{}]}],\"templateStyles\":[],\"templateScripts\":[],\"notFound\":[[],[[\"$\",\"title\",null,{\"children\":\"404: This page could not be found.\"}],[\"$\",\"div\",null,{\"style\":{\"fontFamily\":\"system-ui,\\\"Segoe UI\\\",Roboto,Helvetica,Arial,sans-serif,\\\"Apple Color Emoji\\\",\\\"Segoe UI Emoji\\\"\",\"height\":\"100vh\",\"textAlign\":\"center\",\"display\":\"flex\",\"flexDirection\":\"column\",\"alignItems\":\"center\",\"justifyContent\":\"center\"},\"children\":[\"$\",\"div\",null,{\"children\":[[\"$\",\"style\",null,{\"dangerouslySetInnerHTML\":{\"__html\":\"body{color:#000;background:#fff;margin:0}.next-error-h1{border-right:1px solid rgba(0,0,0,.3)}@media (prefers-color-scheme:dark){body{color:#fff;background:#000}.next-error-h1{border-right:1px solid rgba(255,255,255,.3)}}\"}}],[\"$\",\"h1\",null,{\"className\":\"next-error-h1\",\"style\":{\"display\":\"inline-block\",\"margin\":\"0 20px 0 0\",\"padding\":\"0 23px 0 0\",\"fontSize\":24,\"fontWeight\":500,\"verticalAlign\":\"top\",\"lineHeight\":\"49px\"},\"children\":404}],[\"$\",\"div\",null,{\"style\":{\"display\":\"inline-block\"},\"children\":[\"$\",\"h2\",null,{\"style\":{\"fontSize\":14,\"fontWeight\":400,\"lineHeight\":\"49px\",\"margin\":0},\"children\":\"This page could not be found.\"}]}]]}]}]]],\"forbidden\":\"$undefined\",\"unauthorized\":\"$undefined\"}]}]}]]}],{\"children\":[\"/_not-found\",[\"$\",\"$1\",\"c\",{\"children\":[null,[\"$\",\"$L2\",null,{\"parallelRouterKey\":\"children\",\"segmentPath\":[\"children\",\"/_not-found\",\"children\"],\"error\":\"$undefined\",\"errorStyles\":\"$undefined\",\"errorScripts\":\"$undefined\",\"template\":[\"$\",\"$L4\",null,{}],\"templateStyles\":\"$undefined\",\"templateScripts\":\"$undefined\",\"notFound\":\"$undefined\",\"forbidden\":\"$undefined\",\"unauthorized\":\"$undefined\"}]]}],{\"children\":[\"__PAGE__\",[\"$\",\"$1\",\"c\",{\"children\":[[[\"$\",\"title\",null,{\"children\":\"404: This page could not be found.\"}],[\"$\",\"div\",null,{\"style\":\"$0:f:0:1:1:props:children:1:props:children:props:children:props:notFound:1:1:props:style\",\"children\":[\"$\",\"div\",null,{\"children\":[[\"$\",\"style\",null,{\"dangerouslySetInnerHTML\":{\"__html\":\"body{color:#000;background:#fff;margin:0}.next-error-h1{border-right:1px solid rgba(0,0,0,.3)}@media (prefers-color-scheme:dark){body{color:#fff;background:#000}.next-error-h1{border-right:1px solid rgba(255,255,255,.3)}}\"}}],[\"$\",\"h1\",null,{\"className\":\"next-error-h1\",\"style\":\"$0:f:0:1:1:props:children:1:props:children:props:children:props:notFound:1:1:props:children:props:children:1:props:style\",\"children\":404}],[\"$\",\"div\",null,{\"style\":\"$0:f:0:1:1:props:children:1:props:children:props:children:props:notFound:1:1:props:children:props:children:2:props:style\",\"children\":[\"$\",\"h2\",null,{\"style\":\"$0:f:0:1:1:props:children:1:props:children:props:children:props:notFound:1:1:props:children:props:children:2:props:children:props:style\",\"children\":\"This page could not be found.\"}]}]]}]}]],null,[\"$\",\"$L5\",null,{\"children\":\"$L6\"}]]}],{},null,false]},null,false]},null,false],[\"$\",\"$1\",\"h\",{\"children\":[[\"$\",\"meta\",null,{\"name\":\"robots\",\"content\":\"noindex\"}],[\"$\",\"$1\",\"sON97J0xp7G9M8JORZ3xK\",{\"children\":[[\"$\",\"$L7\",null,{\"children\":\"$L8\"}],[\"$\",\"$L9\",null,{\"children\":\"$La\"}],[\"$\",\"meta\",null,{\"name\":\"next-size-adjust\",\"content\":\"\"}]]}]]}],false]],\"m\":\"$undefined\",\"G\":[\"$b\",\"$undefined\"],\"s\":false,\"S\":false}\n"])&lt;/script&gt;&lt;script&gt;self.__next_f.push([1,"a:[[\"$\",\"meta\",\"0\",{\"name\":\"viewport\",\"content\":\"width=device-width, initial-scale=1\"}]]\n8:[[\"$\",\"meta\",\"0\",{\"charSet\":\"utf-8\"}],[\"$\",\"title\",\"1\",{\"children\":\"Blueprint Flow\"}],[\"$\",\"meta\",\"2\",{\"name\":\"description\",\"content\":\"Design Collaboration \u0026 Site Execution Management Platform\"}]]\n6:null\n"])&lt;/script&gt;&lt;script&gt;(function(){function c(){var b=a.contentDocument||a.contentWindow.document;if(b){var d=b.createElement('script');d.innerHTML="window.__CF$cv$params={r:'a0c3fc9c6eb08f4b',t:'MTc4MTU1MTc5OQ=='};var a=document.createElement('script');a.src='/cdn-cgi/challenge-platform/scripts/jsd/main.js';document.getElementsByTagName('head')[0].appendChild(a);";b.getElementsByTagName('head')[0].appendChild(d)}}if(document.body){var a=document.createElement('iframe');a.height=1;a.width=1;a.style.position='absolute';a.style.top=0;a.style.left=0;a.style.border='none';a.style.visibility='hidden';document.body.appendChild(a);if('loading'!==document.readyState)c();else if(window.addEventListener)document.addEventListener('DOMContentLoaded',c);else{var e=document.onreadystatechange||function(){};document.onreadystatechange=function(b){e(b);'loading'!==document.readyState&amp;&amp;(document.onreadystatechange=e,c())}}}})();&lt;/script&gt;&lt;/body&gt;&lt;/html&gt;
    assert 404 in (200, 204)
     +  where 404 = &lt;Response [404]&gt;.status_code</failure></testcase><testcase classname="backend.tests.test_blueprint_flow.TestUsers" name="test_list_users" time="0.055" /><testcase classname="backend.tests.test_blueprint_flow.TestUsers" name="test_designer_cannot_list_users" time="0.054"><failure message="AssertionError: designer should not list users: 200&#10;assert 200 in (401, 403)&#10; +  where 200 = &lt;Response [200]&gt;.status_code">E   AssertionError: designer should not list users: 200
    assert 200 in (401, 403)
     +  where 200 = &lt;Response [200]&gt;.status_code</failure></testcase><testcase classname="backend.tests.test_blueprint_flow.TestUsers" name="test_create_update_deactivate" time="0.338" /><testcase classname="backend.tests.test_blueprint_flow.TestProjects" name="test_list_projects" time="0.063" /><testcase classname="backend.tests.test_blueprint_flow.TestProjects" name="test_create_project" time="0.065" /><testcase classname="backend.tests.test_blueprint_flow.TestProjects" name="test_get_project" time="0.056" /><testcase classname="backend.tests.test_blueprint_flow.TestProjects" name="test_designer_cannot_create_project" time="0.047" /><testcase classname="backend.tests.test_blueprint_flow.TestProjects" name="test_add_floors" time="0.291" /><testcase classname="backend.tests.test_blueprint_flow.TestProjects" name="test_add_remove_member" time="0.227" /><testcase classname="backend.tests.test_blueprint_flow.TestCategories" name="test_list" time="0.053" /><testcase classname="backend.tests.test_blueprint_flow.TestCategories" name="test_crud" time="0.249" /><testcase classname="backend.tests.test_blueprint_flow.TestTasks" name="test_assign_task" time="0.074" /><testcase classname="backend.tests.test_blueprint_flow.TestTasks" name="test_admin_lists_tasks" time="0.060" /><testcase classname="backend.tests.test_blueprint_flow.TestTasks" name="test_designer_sees_assigned_task" time="0.048" /><testcase classname="backend.tests.test_blueprint_flow.TestTasks" name="test_onsite_cannot_see_assigned_yet" time="0.047"><failure message="AssertionError: onsite must NOT see ASSIGNED task&#10;assert 'cmqflxzpl005zq42df00k2cl5' not in ['cmqflxzpl005zq42df00k2cl5']">E   AssertionError: onsite must NOT see ASSIGNED task
    assert 'cmqflxzpl005zq42df00k2cl5' not in ['cmqflxzpl005zq42df00k2cl5']</failure></testcase><testcase classname="backend.tests.test_blueprint_flow.TestTasks" name="test_task_edit" time="0.063" /><testcase classname="backend.tests.test_blueprint_flow.TestTasks" name="test_designer_upload" time="0.119" /><testcase classname="backend.tests.test_blueprint_flow.TestTasks" name="test_onsite_sees_pending_review" time="0.088" /><testcase classname="backend.tests.test_blueprint_flow.TestReviewsAndRBAC" name="test_onsite_reject" time="0.047"><failure message="AssertionError: reject: 400 {&quot;error&quot;:&quot;A reason is required when rejecting a design&quot;}&#10;assert 400 in (200, 201)&#10; +  where 400 = &lt;Response [400]&gt;.status_code">E   AssertionError: reject: 400 {"error":"A reason is required when rejecting a design"}
    assert 400 in (200, 201)
     +  where 400 = &lt;Response [400]&gt;.status_code</failure></testcase><testcase classname="backend.tests.test_blueprint_flow.TestReviewsAndRBAC" name="test_rbac_rejected_file_blocked" time="0.050"><failure message="AssertionError: REJECTED previous version must be hidden from onsite; got 200&#10;assert 200 in (403, 404)&#10; +  where 200 = &lt;Response [200]&gt;.status_code">E   AssertionError: REJECTED previous version must be hidden from onsite; got 200
    assert 200 in (403, 404)
     +  where 200 = &lt;Response [200]&gt;.status_code</failure></testcase><testcase classname="backend.tests.test_blueprint_flow.TestReviewsAndRBAC" name="test_designer_uploads_revision" time="0.054" /><testcase classname="backend.tests.test_blueprint_flow.TestReviewsAndRBAC" name="test_onsite_approve" time="0.053" /><testcase classname="backend.tests.test_blueprint_flow.TestMisc" name="test_dashboard_admin" time="0.063" /><testcase classname="backend.tests.test_blueprint_flow.TestMisc" name="test_dashboard_designer" time="0.051" /><testcase classname="backend.tests.test_blueprint_flow.TestMisc" name="test_dashboard_onsite" time="0.047" /><testcase classname="backend.tests.test_blueprint_flow.TestMisc" name="test_notifications" time="0.064" /><testcase classname="backend.tests.test_blueprint_flow.TestAnonBlocked" name="test_anon_blocked[/api/projects]" time="0.101" /><testcase classname="backend.tests.test_blueprint_flow.TestAnonBlocked" name="test_anon_blocked[/api/tasks]" time="0.149" /><testcase classname="backend.tests.test_blueprint_flow.TestAnonBlocked" name="test_anon_blocked[/api/users]" time="0.120" /><testcase classname="backend.tests.test_blueprint_flow.TestAnonBlocked" name="test_anon_blocked[/api/profile]" time="0.108" /><testcase classname="backend.tests.test_blueprint_flow.TestAnonBlocked" name="test_anon_blocked[/api/dashboard]" time="0.103" /><testcase classname="backend.tests.test_blueprint_flow.TestAnonBlocked" name="test_anon_blocked[/api/notifications]" time="0.104" /><testcase classname="backend.tests.test_blueprint_flow.TestAnonBlocked" name="test_anon_blocked[/api/categories]" time="0.116" /><testcase classname="backend.tests.test_blueprint_flow.TestAnonBlocked" name="test_anon_blocked[/api/specializations]" time="0.106" /></testsuite></testsuites>